This is pdfTeX, Version 3.14159265-2.6-1.40.18 (TeX Live 2017) (preloaded format=latex 2017.7.3)  28 MAY 2018 13:59
entering extended mode
 restricted \write18 enabled.
 %&-line parsing enabled.
**\RequirePackage{readprov}\ReadFileInfos{--help}\typeout{^^J^^J + --help info:
 + \csname ver@--help\endcsname^^J}\batchmode\stop
(/usr/local/texlive/2017/texmf-dist/tex/latex/fileinfo/readprov.sty
Package: readprov 2012/11/22 v0.5 file infos without loading (UL)
)

! LaTeX Error: File `--help.tex' not found.

Type X to quit or <RETURN> to proceed,
or enter new name. (Default extension: tex)

Enter file name: x

(\end occurred inside a group at level 1)

### semi simple group (level 1) (\begingroup)
### bottom level
(\end occurred when \ifx was incomplete)
(\end occurred when \ifx was incomplete)
(\end occurred when \ifx was incomplete)
(\end occurred when \ifx was incomplete) 
Here is how much of TeX's memory you used:
 31 strings out of 492991
 582 string characters out of 6135903
 54145 words of memory out of 5000000
 3686 multiletter control sequences out of 15000+600000
 3640 words of font info for 14 fonts, out of 8000000 for 9000
 1141 hyphenation exceptions out of 8191
 13i,0n,12p,208b,31s stack positions out of 5000i,500n,10000p,200000b,80000s

No pages of output.
